[23:44:09] [main/INFO]: Setting user: Player878
[23:44:10] [Client thread/INFO]: LWJGL Version: 2.9.1
[23:44:10] [Client thread/ERROR]: Couldn't initialize twitch stream
[23:44:15] [Client thread/INFO]: Reloading ResourceManager: Default, FMLFileResourcePack:Forge Mod Loader, FMLFileResourcePack:Minecraft Forge, FMLFileResourcePack:atericReactors
[23:44:16] [Sound Library Loader/INFO]: Sound engine started
[23:44:16] [Client thread/INFO]: Created: 16x16 textures/blocks-atlas
[23:44:16] [Client thread/INFO]: Created: 16x16 textures/items-atlas
[23:44:16] [Client thread/INFO]: Reloading ResourceManager: Default, FMLFileResourcePack:Forge Mod Loader, FMLFileResourcePack:Minecraft Forge, FMLFileResourcePack:atericReactors
[23:44:17] [Client thread/INFO]: Created: 512x256 textures/blocks-atlas
[23:44:17] [Client thread/INFO]: Created: 256x256 textures/items-atlas
[23:44:17] [Sound Library Loader/INFO]: Sound engine started
[23:44:23] [Server thread/INFO]: Starting integrated minecraft server version 1.7.10
[23:44:23] [Server thread/INFO]: Generating keypair
[23:44:23] [Server thread/INFO]: Preparing start region for level 0
[23:44:25] [Server thread/INFO]: Changing view distance to 12, from 10
[23:44:25] [Server thread/INFO]: Player878[local:E:7e95d68c] logged in with entity id 177 at (109.47710669567662, 68.0, 278.3991526463457)
[23:44:25] [Server thread/INFO]: Player878 joined the game
[23:44:30] [Server thread/INFO]: Player878 has just earned the achievement [Taking Inventory]
[23:44:30] [Client thread/INFO]: [CHAT] Player878 has just earned the achievement [Taking Inventory]
[23:44:52] [Server thread/INFO]: Saving and pausing game...
[23:44:52] [Server thread/INFO]: Saving chunks for level 'New World'/Overworld
[23:44:52] [Server thread/INFO]: Saving chunks for level 'New World'/Nether
[23:44:52] [Server thread/INFO]: Saving chunks for level 'New World'/The End
[23:44:53] [Server thread/INFO]: Stopping server
[23:44:53] [Server thread/INFO]: Saving players
[23:44:53] [Server thread/INFO]: Saving worlds
[23:44:53] [Server thread/INFO]: Saving chunks for level 'New World'/Overworld
[23:44:53] [Server thread/INFO]: Saving chunks for level 'New World'/Nether
[23:44:53] [Server thread/INFO]: Saving chunks for level 'New World'/The End
[23:44:55] [Client thread/INFO]: Stopping!
